<?xml version="1.0" encoding="UTF-8"?>
<coverage generated="1650357919801" clover="3.2.0">
  <project timestamp="1650357919801" name="All files">
    <metrics statements="48" coveredstatements="41" conditionals="5" coveredconditionals="5" methods="7" coveredmethods="5" elements="60" coveredelements="51" complexity="0" loc="48" ncloc="48" packages="1" files="5" classes="5"/>
    <file name="2.typeof.js" path="D:\CodeLearning\Front-End\Jest\2.typeof.js">
      <metrics statements="5" coveredstatements="5" conditionals="1" coveredconditionals="1" methods="1" coveredmethods="1"/>
      <line num="1" count="1" type="cond" truecount="1" falsecount="0"/>
      <line num="2" count="1" type="stmt"/>
      <line num="3" count="1" type="stmt"/>
      <line num="4" count="1" type="stmt"/>
      <line num="5" count="1" type="stmt"/>
    </file>
    <file name="3.number.js" path="D:\CodeLearning\Front-End\Jest\3.number.js">
      <metrics statements="12" coveredstatements="12" conditionals="1" coveredconditionals="1" methods="1" coveredmethods="1"/>
      <line num="1" count="1" type="cond" truecount="1" falsecount="0"/>
      <line num="2" count="1" type="stmt"/>
      <line num="3" count="1" type="stmt"/>
      <line num="4" count="1" type="stmt"/>
      <line num="5" count="1" type="stmt"/>
      <line num="6" count="1" type="stmt"/>
      <line num="7" count="1" type="stmt"/>
      <line num="8" count="1" type="stmt"/>
      <line num="9" count="1" type="stmt"/>
      <line num="10" count="1" type="stmt"/>
      <line num="11" count="1" type="stmt"/>
      <line num="12" count="1" type="stmt"/>
    </file>
    <file name="4.bool.js" path="D:\CodeLearning\Front-End\Jest\4.bool.js">
      <metrics statements="5" coveredstatements="5" conditionals="1" coveredconditionals="1" methods="1" coveredmethods="1"/>
      <line num="1" count="3" type="cond" truecount="1" falsecount="0"/>
      <line num="2" count="3" type="stmt"/>
      <line num="3" count="3" type="stmt"/>
      <line num="4" count="1" type="stmt"/>
      <line num="5" count="1" type="stmt"/>
    </file>
    <file name="5.array.js" path="D:\CodeLearning\Front-End\Jest\5.array.js">
      <metrics statements="15" coveredstatements="12" conditionals="1" coveredconditionals="1" methods="2" coveredmethods="1"/>
      <line num="1" count="1" type="stmt"/>
      <line num="2" count="1" type="stmt"/>
      <line num="3" count="1" type="stmt"/>
      <line num="4" count="1" type="stmt"/>
      <line num="5" count="0" type="stmt"/>
      <line num="6" count="0" type="stmt"/>
      <line num="7" count="0" type="stmt"/>
      <line num="8" count="1" type="stmt"/>
      <line num="9" count="2" type="cond" truecount="1" falsecount="0"/>
      <line num="10" count="2" type="stmt"/>
      <line num="11" count="2" type="stmt"/>
      <line num="12" count="1" type="stmt"/>
      <line num="13" count="1" type="stmt"/>
      <line num="14" count="1" type="stmt"/>
      <line num="15" count="1" type="stmt"/>
    </file>
    <file name="6.string.js" path="D:\CodeLearning\Front-End\Jest\6.string.js">
      <metrics statements="11" coveredstatements="7" conditionals="1" coveredconditionals="1" methods="2" coveredmethods="1"/>
      <line num="1" count="0" type="stmt"/>
      <line num="2" count="0" type="stmt"/>
      <line num="3" count="0" type="stmt"/>
      <line num="4" count="0" type="stmt"/>
      <line num="5" count="1" type="stmt"/>
      <line num="6" count="1" type="cond" truecount="1" falsecount="0"/>
      <line num="7" count="1" type="stmt"/>
      <line num="8" count="1" type="stmt"/>
      <line num="9" count="1" type="stmt"/>
      <line num="10" count="1" type="stmt"/>
      <line num="11" count="1" type="stmt"/>
    </file>
  </project>
</coverage>
