TN:
SF:2.typeof.js
FN:1,Typeof
FNF:1
FNH:1
FNDA:1,Typeof
DA:1,1
DA:2,1
DA:3,1
DA:4,1
DA:5,1
LF:5
LH:5
BRDA:1,0,0,1
BRF:1
BRH:1
end_of_record
TN:
SF:3.number.js
FN:1,sum
FNF:1
FNH:1
FNDA:1,sum
DA:1,1
DA:2,1
DA:3,1
DA:4,1
DA:5,1
DA:6,1
DA:7,1
DA:8,1
DA:9,1
DA:10,1
DA:11,1
DA:12,1
LF:12
LH:12
BRDA:1,0,0,1
BRF:1
BRH:1
end_of_record
TN:
SF:4.bool.js
FN:1,typeBool
FNF:1
FNH:1
FNDA:3,typeBool
DA:1,3
DA:2,3
DA:3,3
DA:4,1
DA:5,1
LF:5
LH:5
BRDA:1,0,0,3
BRF:1
BRH:1
end_of_record
TN:
SF:5.array.js
FN:5,max
FN:9,min
FNF:2
FNH:1
FNDA:0,max
FNDA:2,min
DA:1,1
DA:2,1
DA:3,1
DA:4,1
DA:5,0
DA:6,0
DA:7,0
DA:8,1
DA:9,2
DA:10,2
DA:11,2
DA:12,1
DA:13,1
DA:14,1
DA:15,1
LF:15
LH:12
BRDA:9,0,0,2
BRF:1
BRH:1
end_of_record
TN:
SF:6.string.js
FN:1,Typeof
FN:6,concat
FNF:2
FNH:1
FNDA:0,Typeof
FNDA:1,concat
DA:1,0
DA:2,0
DA:3,0
DA:4,0
DA:5,1
DA:6,1
DA:7,1
DA:8,1
DA:9,1
DA:10,1
DA:11,1
LF:11
LH:7
BRDA:6,0,0,1
BRF:1
BRH:1
end_of_record
